<?xml version="1.0" encoding="UTF-8"?>
<!-- Generated by org.testng.reporters.JUnitReportReporter -->
<testsuite hostname="Sahasra-HP" name="com.selenium.testng.MultipleTestNg" tests="4" failures="0" timestamp="14 May 2020 02:43:14 GMT" time="0.010" errors="0">
  <testcase name="appLogin" time="0.000" classname="com.selenium.testng.MultipleTestNg"/>
  <testcase name="appClose" time="0.000" classname="com.selenium.testng.MultipleTestNg"/>
  <testcase name="appLaunch" time="0.000" classname="com.selenium.testng.MultipleTestNg"/>
  <testcase name="appLogout" time="0.010" classname="com.selenium.testng.MultipleTestNg"/>
</testsuite> <!-- com.selenium.testng.MultipleTestNg -->
