<?xml version="1.0" encoding="UTF-8"?>
<!-- Generated by org.testng.reporters.JUnitReportReporter -->
<testsuite hostname="Sahasra-HP" name="com.selenium.testng.Parametreizationtest" tests="1" failures="0" timestamp="17 May 2020 22:58:16 GMT" time="10.122" errors="0">
  <testcase name="adminLogin" time="10.122" classname="com.selenium.testng.Parametreizationtest"/>
</testsuite> <!-- com.selenium.testng.Parametreizationtest -->
