<?xml version="1.0" encoding="UTF-8"?>
<!-- Generated by org.testng.reporters.JUnitReportReporter -->
<testsuite hostname="Sahasra-HP" name="com.selenium.testng.PrimusAdminLogin" tests="1" failures="0" timestamp="14 May 2020 02:19:21 GMT" time="11.034" errors="0">
  <testcase name="applaunchandadminlogin" time="11.034" classname="com.selenium.testng.PrimusAdminLogin"/>
</testsuite> <!-- com.selenium.testng.PrimusAdminLogin -->
