<?xml version="1.0" encoding="UTF-8"?>
<!-- Generated by org.testng.reporters.JUnitReportReporter -->
<testsuite hostname="Sahasra-HP" name="com.selenium.testng.OHRMEmpAdd" tests="2" failures="0" timestamp="18 May 2020 00:23:27 GMT" time="25.053" errors="0">
  <testcase name="empAdd" time="12.762" classname="com.selenium.testng.OHRMEmpAdd"/>
  <testcase name="empAdd" time="12.291" classname="com.selenium.testng.OHRMEmpAdd"/>
</testsuite> <!-- com.selenium.testng.OHRMEmpAdd -->
