<?xml version="1.0" encoding="UTF-8"?>
<!-- Generated by org.testng.reporters.JUnitReportReporter -->
<testsuite hostname="Sahasra-HP" name="com.selenium.testng.AnnotationTestng" tests="2" failures="0" timestamp="14 May 2020 02:43:14 GMT" time="0.020" errors="0">
  <testcase name="method1" time="0.010" classname="com.selenium.testng.AnnotationTestng"/>
  <testcase name="method2" time="0.010" classname="com.selenium.testng.AnnotationTestng"/>
</testsuite> <!-- com.selenium.testng.AnnotationTestng -->
