<?xml version="1.0" encoding="UTF-8"?>
<!-- Generated by org.testng.reporters.JUnitReportReporter -->
<testsuite hostname="Sahasra-HP" name="com.selenium.testng.FirstTestNG" tests="1" failures="0" timestamp="13 May 2020 01:51:59 GMT" time="0.022" errors="0">
  <testcase name="first" time="0.022" classname="com.selenium.testng.FirstTestNG"/>
</testsuite> <!-- com.selenium.testng.FirstTestNG -->
