<?xml version="1.0" encoding="UTF-8"?>
<!-- Generated by org.testng.reporters.JUnitReportReporter -->
<testsuite hostname="Sahasra-HP" name="com.selenium.testng.ValidationTestg" tests="1" failures="0" timestamp="15 May 2020 01:04:42 GMT" time="0.020" errors="0">
  <testcase name="validation" time="0.020" classname="com.selenium.testng.ValidationTestg"/>
</testsuite> <!-- com.selenium.testng.ValidationTestg -->
