<?xml version="1.0" encoding="UTF-8"?>
<!-- Generated by org.testng.reporters.JUnitReportReporter -->
<testsuite hostname="Sahasra-HP" name="com.selenium.Primusbank.PBankBeforeAndAfterTest" tests="1" failures="0" timestamp="14 May 2020 02:28:42 GMT" time="2.220" errors="0">
  <testcase name="appLogin" time="2.220" classname="com.selenium.Primusbank.PBankBeforeAndAfterTest"/>
</testsuite> <!-- com.selenium.Primusbank.PBankBeforeAndAfterTest -->
