<?xml version="1.0" encoding="UTF-8"?>
<!-- Generated by org.testng.reporters.JUnitReportReporter -->
<testsuite hostname="Sahasra-HP" name="com.selenium.testng.AnnotationsTest1" tests="2" failures="0" timestamp="14 May 2020 02:43:14 GMT" time="0.004" errors="0">
  <testcase name="Method3" time="0.004" classname="com.selenium.testng.AnnotationsTest1"/>
  <testcase name="Method4" time="0.000" classname="com.selenium.testng.AnnotationsTest1"/>
</testsuite> <!-- com.selenium.testng.AnnotationsTest1 -->
